Build started 13.07.2013 13:28:13.
Project "D:\DataStructures\DataStructures\DataStructures.vcxproj" on node 2 (Build target(s)).
ClCompile:
  C:\Program Files\Microsoft Visual Studio 11.0\VC\bin\CL.exe /c /ZI /nologo /W3 /WX- /Od /Oy- /D WIN32 /D _DEBUG /D _CONSOLE /D _UNICODE /D UNICODE /Gm /EHsc /RTC1 /MDd /GS /fp:precise /Zc:wchar_t /Zc:forScope /Fo"Debug\\" /Fd"Debug\vc110.pdb" /Gd /TP /analyze- /errorReport:prompt MillerRabinPrimeTestLong.cpp SegmentTree.cpp
  SegmentTree.cpp
  MillerRabinPrimeTestLong.cpp
  Generating Code...
Link:
  C:\Program Files\Microsoft Visual Studio 11.0\VC\bin\link.exe /ERRORREPORT:PROMPT /OUT:"D:\DataStructures\Debug\DataStructures.exe" /INCREMENTAL /NOLOGO kernel32.lib user32.lib gdi32.lib winspool.lib comdlg32.lib advapi32.lib shell32.lib ole32.lib oleaut32.lib uuid.lib odbc32.lib odbccp32.lib /MANIFEST /MANIFESTUAC:"level='asInvoker' uiAccess='false'" /manifest:embed /DEBUG /PDB:"D:\DataStructures\Debug\DataStructures.pdb" /SUBSYSTEM:CONSOLE /TLBID:1 /DYNAMICBASE /NXCOMPAT /IMPLIB:"D:\DataStructures\Debug\DataStructures.lib" /MACHINE:X86 Debug\BoasTree.obj
  Debug\ImplicitTreapMin.obj
  Debug\MillerRabinPrimeTestLong.obj
  Debug\MinCostMaxFlow.obj
  Debug\MinCostMaxFlowMultigraph.obj
  Debug\min_cost_flow.obj
  Debug\PersistentSegmentTree.obj
  Debug\QMatrix.obj
  Debug\SegmentTree.obj
  Debug\SuffixArray.obj
  DataStructures.vcxproj -> D:\DataStructures\Debug\DataStructures.exe
Done Building Project "D:\DataStructures\DataStructures\DataStructures.vcxproj" (Build target(s)).

Build succeeded.

Time Elapsed 00:00:29.24
